Determining if the log exist failed with the following output:
Change Dir: /home/crowlc3/cmake/Help/guide/tutorial/Step5_Build/CMakeFiles/CMakeTmp

Run Build Command(s):/usr/bin/make cmTC_26978/fast && /usr/bin/make -f CMakeFiles/cmTC_26978.dir/build.make CMakeFiles/cmTC_26978.dir/build
make[1]: Entering directory '/home/crowlc3/cmake/Help/guide/tutorial/Step5_Build/CMakeFiles/CMakeTmp'
Building C object CMakeFiles/cmTC_26978.dir/CheckSymbolExists.c.o
/usr/bin/cc    -o CMakeFiles/cmTC_26978.dir/CheckSymbolExists.c.o   -c /home/crowlc3/cmake/Help/guide/tutorial/Step5_Build/CMakeFiles/CMakeTmp/CheckSymbolExists.c
Linking C executable cmTC_26978
/usr/bin/cmake -E cmake_link_script CMakeFiles/cmTC_26978.dir/link.txt --verbose=1
/usr/bin/cc      CMakeFiles/cmTC_26978.dir/CheckSymbolExists.c.o  -o cmTC_26978 
/usr/bin/ld: CMakeFiles/cmTC_26978.dir/CheckSymbolExists.c.o: in function `main':
CheckSymbolExists.c:(.text+0x1f): undefined reference to `log'
collect2: error: ld returned 1 exit status
make[1]: *** [CMakeFiles/cmTC_26978.dir/build.make:87: cmTC_26978] Error 1
make[1]: Leaving directory '/home/crowlc3/cmake/Help/guide/tutorial/Step5_Build/CMakeFiles/CMakeTmp'
make: *** [Makefile:121: cmTC_26978/fast] Error 2


File /home/crowlc3/cmake/Help/guide/tutorial/Step5_Build/CMakeFiles/CMakeTmp/CheckSymbolExists.c:
/* */
#include <math.h>

int main(int argc, char** argv)
{
  (void)argv;
#ifndef log
  return ((int*)(&log))[argc];
#else
  (void)argc;
  return 0;
#endif
}
Determining if the exp exist failed with the following output:
Change Dir: /home/crowlc3/cmake/Help/guide/tutorial/Step5_Build/CMakeFiles/CMakeTmp

Run Build Command(s):/usr/bin/make cmTC_6ddaa/fast && /usr/bin/make -f CMakeFiles/cmTC_6ddaa.dir/build.make CMakeFiles/cmTC_6ddaa.dir/build
make[1]: Entering directory '/home/crowlc3/cmake/Help/guide/tutorial/Step5_Build/CMakeFiles/CMakeTmp'
Building C object CMakeFiles/cmTC_6ddaa.dir/CheckSymbolExists.c.o
/usr/bin/cc    -o CMakeFiles/cmTC_6ddaa.dir/CheckSymbolExists.c.o   -c /home/crowlc3/cmake/Help/guide/tutorial/Step5_Build/CMakeFiles/CMakeTmp/CheckSymbolExists.c
Linking C executable cmTC_6ddaa
/usr/bin/cmake -E cmake_link_script CMakeFiles/cmTC_6ddaa.dir/link.txt --verbose=1
/usr/bin/cc      CMakeFiles/cmTC_6ddaa.dir/CheckSymbolExists.c.o  -o cmTC_6ddaa 
/usr/bin/ld: CMakeFiles/cmTC_6ddaa.dir/CheckSymbolExists.c.o: in function `main':
CheckSymbolExists.c:(.text+0x1f): undefined reference to `exp'
collect2: error: ld returned 1 exit status
make[1]: *** [CMakeFiles/cmTC_6ddaa.dir/build.make:87: cmTC_6ddaa] Error 1
make[1]: Leaving directory '/home/crowlc3/cmake/Help/guide/tutorial/Step5_Build/CMakeFiles/CMakeTmp'
make: *** [Makefile:121: cmTC_6ddaa/fast] Error 2


File /home/crowlc3/cmake/Help/guide/tutorial/Step5_Build/CMakeFiles/CMakeTmp/CheckSymbolExists.c:
/* */
#include <math.h>

int main(int argc, char** argv)
{
  (void)argv;
#ifndef exp
  return ((int*)(&exp))[argc];
#else
  (void)argc;
  return 0;
#endif
}
